<?xml version="1.0" encoding="UTF-8"?>
<!-- Generated by org.testng.reporters.JUnitXMLReporter -->
<testsuite hostname="DESKTOP-92RCTKU" name="Surefire test" tests="6" failures="0" timestamp="8 Sep 2019 18:39:57 GMT" time="0.047" errors="0">
  <testcase name="AndroidApps" time="0.016" classname="MyProject.AppiumTest"/>
  <testcase name="IOSApps" time="0.0" classname="MyProject.AppiumTest"/>
  <testcase name="DELETEPost" time="0.0" classname="MyProject.RESTAssuredTest"/>
  <testcase name="GETPost" time="0.0" classname="MyProject.RESTAssuredTest"/>
  <testcase name="BrowserAutomation" time="0.016" classname="MyProject.SeleniumTest"/>
  <testcase name="ElementUI" time="0.0" classname="MyProject.SeleniumTest"/>
</testsuite> <!-- Surefire test -->
