<?xml version="1.0" encoding="UTF-8"?>
<testng-results skipped="0" failed="0" total="6" passed="6">
  <reporter-output>
  </reporter-output>
  <suite name="Surefire suite" duration-ms="47" started-at="2019-09-08T18:39:56Z" finished-at="2019-09-08T18:39:57Z">
    <groups>
    </groups>
    <test name="Surefire test" duration-ms="47" started-at="2019-09-08T18:39:56Z" finished-at="2019-09-08T18:39:57Z">
      <class name="MyProject.RESTAssuredTest">
        <test-method status="PASS" signature="GETPost()[pri:0, instance:MyProject.RESTAssuredTest@153f5a29]" name="GETPost" duration-ms="0" started-at="2019-09-09T00:09:57Z" finished-at="2019-09-09T00:09:57Z">
          <reporter-output>
          </reporter-output>
        </test-method> <!-- GETPost -->
        <test-method status="PASS" signature="DELETEPost()[pri:0, instance:MyProject.RESTAssuredTest@153f5a29]" name="DELETEPost" duration-ms="0" started-at="2019-09-09T00:09:57Z" finished-at="2019-09-09T00:09:57Z">
          <reporter-output>
          </reporter-output>
        </test-method> <!-- DELETEPost -->
      </class> <!-- MyProject.RESTAssuredTest -->
      <class name="MyProject.AppiumTest">
        <test-method status="PASS" signature="AndroidApps()[pri:0, instance:MyProject.AppiumTest@3dd3bcd]" name="AndroidApps" duration-ms="16" started-at="2019-09-09T00:09:56Z" finished-at="2019-09-09T00:09:57Z">
          <reporter-output>
          </reporter-output>
        </test-method> <!-- AndroidApps -->
        <test-method status="PASS" signature="IOSApps()[pri:0, instance:MyProject.AppiumTest@3dd3bcd]" name="IOSApps" duration-ms="0" started-at="2019-09-09T00:09:57Z" finished-at="2019-09-09T00:09:57Z">
          <reporter-output>
          </reporter-output>
        </test-method> <!-- IOSApps -->
      </class> <!-- MyProject.AppiumTest -->
      <class name="MyProject.SeleniumTest">
        <test-method status="PASS" signature="BrowserAutomation()[pri:0, instance:MyProject.SeleniumTest@7f560810]" name="BrowserAutomation" duration-ms="16" started-at="2019-09-09T00:09:57Z" finished-at="2019-09-09T00:09:57Z">
          <reporter-output>
          </reporter-output>
        </test-method> <!-- BrowserAutomation -->
        <test-method status="PASS" signature="ElementUI()[pri:0, instance:MyProject.SeleniumTest@7f560810]" name="ElementUI" duration-ms="0" started-at="2019-09-09T00:09:57Z" finished-at="2019-09-09T00:09:57Z">
          <reporter-output>
          </reporter-output>
        </test-method> <!-- ElementUI -->
      </class> <!-- MyProject.SeleniumTest -->
    </test> <!-- Surefire test -->
  </suite> <!-- Surefire suite -->
</testng-results>
