<?xml version="1.0" encoding="UTF-8"?>
<testng-results skipped="0" failed="0" total="2" passed="2">
  <reporter-output>
  </reporter-output>
  <suite name="Default suite" duration-ms="121" started-at="2019-05-25T05:30:25Z" finished-at="2019-05-25T05:30:25Z">
    <groups>
    </groups>
    <test name="Default test" duration-ms="121" started-at="2019-05-25T05:30:25Z" finished-at="2019-05-25T05:30:25Z">
      <class name="MyProject.SeleniumTest">
        <test-method status="PASS" signature="BrowserAutomation()[pri:0, instance:MyProject.SeleniumTest@e25b2fe]" name="BrowserAutomation" duration-ms="38" started-at="2019-05-25T11:00:25Z" finished-at="2019-05-25T11:00:25Z">
          <reporter-output>
          </reporter-output>
        </test-method> <!-- BrowserAutomation -->
        <test-method status="PASS" signature="ElementUI()[pri:0, instance:MyProject.SeleniumTest@e25b2fe]" name="ElementUI" duration-ms="3" started-at="2019-05-25T11:00:25Z" finished-at="2019-05-25T11:00:25Z">
          <reporter-output>
          </reporter-output>
        </test-method> <!-- ElementUI -->
      </class> <!-- MyProject.SeleniumTest -->
    </test> <!-- Default test -->
  </suite> <!-- Default suite -->
</testng-results>
